0 info it worked if it ends with ok
1 verbose cli [ '/usr/bin/nodejs',
1 verbose cli   '/home/stoufa/.npm-packages/bin/npm',
1 verbose cli   'run',
1 verbose cli   'dev' ]
2 info using npm@3.9.0
3 info using node@v4.6.1
4 verbose stack Error: ENOENT: no such file or directory, open '/home/stoufa/projects/web/lawd-web/package.json'
4 verbose stack     at Error (native)
5 verbose cwd /home/stoufa/projects/web/lawd-web
6 error Linux 3.19.0-32-generic
7 error argv "/usr/bin/nodejs" "/home/stoufa/.npm-packages/bin/npm" "run" "dev"
8 error node v4.6.1
9 error npm  v3.9.0
10 error path /home/stoufa/projects/web/lawd-web/package.json
11 error code ENOENT
12 error errno -2
13 error syscall open
14 error enoent ENOENT: no such file or directory, open '/home/stoufa/projects/web/lawd-web/package.json'
15 error enoent ENOENT: no such file or directory, open '/home/stoufa/projects/web/lawd-web/package.json'
15 error enoent This is most likely not a problem with npm itself
15 error enoent and is related to npm not being able to find a file.
16 verbose exit [ -2, true ]
